时间:2019-03-18 11:10:05,852日志内容:未将对象引用设置到对象的实例。
-----------------------------------------

时间:2019-03-18 11:10:28,805日志内容:未将对象引用设置到对象的实例。
-----------------------------------------

时间:2019-03-18 11:11:10,601日志内容:未将对象引用设置到对象的实例。
-----------------------------------------

时间:2019-03-18 11:11:15,834日志内容:未将对象引用设置到对象的实例。
-----------------------------------------

时间:2019-03-18 11:12:32,397日志内容:未将对象引用设置到对象的实例。
-----------------------------------------

时间:2019-03-18 11:12:53,427日志内容:未将对象引用设置到对象的实例。
-----------------------------------------

时间:2019-03-18 11:15:25,568日志内容:未将对象引用设置到对象的实例。
-----------------------------------------

时间:2019-03-18 11:17:35,456日志内容:未将对象引用设置到对象的实例。
-----------------------------------------

时间:2019-03-18 11:29:42,889日志内容:未将对象引用设置到对象的实例。
-----------------------------------------

时间:2019-03-18 11:45:34,932日志内容:未将对象引用设置到对象的实例。
-----------------------------------------

时间:2019-03-18 11:45:42,762日志内容:未将对象引用设置到对象的实例。
-----------------------------------------

时间:2019-03-18 11:46:11,260日志内容:未将对象引用设置到对象的实例。
-----------------------------------------

时间:2019-03-18 11:46:16,006日志内容:未将对象引用设置到对象的实例。
-----------------------------------------

时间:2019-03-18 11:52:05,907日志内容:未将对象引用设置到对象的实例。
-----------------------------------------

时间:2019-03-18 11:52:29,179日志内容:未将对象引用设置到对象的实例。
-----------------------------------------

时间:2019-03-18 11:52:52,928日志内容:未将对象引用设置到对象的实例。
-----------------------------------------

时间:2019-03-18 11:55:51,902日志内容:未将对象引用设置到对象的实例。
-----------------------------------------

时间:2019-03-18 11:56:24,064日志内容:未将对象引用设置到对象的实例。
-----------------------------------------

时间:2019-03-18 11:56:35,815日志内容:未将对象引用设置到对象的实例。
-----------------------------------------

时间:2019-03-18 11:56:40,414日志内容:未将对象引用设置到对象的实例。
-----------------------------------------

时间:2019-03-18 12:00:59,693日志内容:未将对象引用设置到对象的实例。
-----------------------------------------

时间:2019-03-18 13:16:29,036日志内容:未将对象引用设置到对象的实例。
-----------------------------------------

时间:2019-03-18 14:16:03,076日志内容:未将对象引用设置到对象的实例。
-----------------------------------------

时间:2019-03-18 14:16:24,221日志内容:未将对象引用设置到对象的实例。
-----------------------------------------

时间:2019-03-18 16:35:06,988日志内容:执行处理程序“System.Web.Mvc.HttpHandlerUtil+ServerExecuteHttpHandlerAsyncWrapper”的子请求时出错。
-----------------------------------------

时间:2019-03-18 16:35:22,343日志内容:执行处理程序“System.Web.Mvc.HttpHandlerUtil+ServerExecuteHttpHandlerAsyncWrapper”的子请求时出错。
-----------------------------------------

时间:2019-03-18 16:35:37,574日志内容:执行处理程序“System.Web.Mvc.HttpHandlerUtil+ServerExecuteHttpHandlerAsyncWrapper”的子请求时出错。
-----------------------------------------

时间:2019-03-18 16:36:55,514日志内容:执行处理程序“System.Web.Mvc.HttpHandlerUtil+ServerExecuteHttpHandlerAsyncWrapper”的子请求时出错。
-----------------------------------------

时间:2019-03-18 16:37:49,323日志内容:执行处理程序“System.Web.Mvc.HttpHandlerUtil+ServerExecuteHttpHandlerAsyncWrapper”的子请求时出错。
-----------------------------------------

时间:2019-03-18 16:38:50,480日志内容:执行处理程序“System.Web.Mvc.HttpHandlerUtil+ServerExecuteHttpHandlerAsyncWrapper”的子请求时出错。
-----------------------------------------

时间:2019-03-18 16:49:52,798日志内容:执行处理程序“System.Web.Mvc.HttpHandlerUtil+ServerExecuteHttpHandlerAsyncWrapper”的子请求时出错。
-----------------------------------------

时间:2019-03-18 16:53:22,591日志内容:内容状态修改失败:The expression passed to method Property must represent a property defined on the type 'SysModule'.
参数名: property
-----------------------------------------

时间:2019-03-18 16:57:41,101日志内容:内容状态修改失败:Store update, insert, or delete statement affected an unexpected number of rows (0). Entities may have been modified or deleted since entities were loaded. See http://go.microsoft.com/fwlink/?LinkId=472540 for information on understanding and handling optimistic concurrency exceptions.
-----------------------------------------

