时间:2019-03-19 14:01:56,350日志内容:非静态字段需要一个目标。
-----------------------------------------

时间:2019-03-19 14:15:55,263日志内容:在控制器“DataWall.Controllers.Admin.ModuleController”上未找到公共操作方法“GetSeting”。
-----------------------------------------

时间:2019-03-19 15:25:40,541日志内容:内容状态修改失败:未将对象引用设置到对象的实例。
-----------------------------------------

时间:2019-03-19 15:25:57,999日志内容:内容状态修改失败:未将对象引用设置到对象的实例。
-----------------------------------------

时间:2019-03-19 15:57:24,408日志内容:内容状态修改失败:未将对象引用设置到对象的实例。
-----------------------------------------

时间:2019-03-19 15:57:25,959日志内容:内容状态修改失败:未将对象引用设置到对象的实例。
-----------------------------------------

时间:2019-03-19 15:57:27,055日志内容:内容状态修改失败:未将对象引用设置到对象的实例。
-----------------------------------------

时间:2019-03-19 17:59:38,681日志内容:未找到视图“天气时间”或其母版视图，或没有视图引擎支持搜索的位置。搜索了以下位置: 
~/Views/Admin/Home/天气时间.cshtml
~/Views/Admin/Home/NewBook/天气时间.cshtml
~/Views/Admin/Home/Notice/天气时间.cshtml
~/Views/Admin/Home/Slide/天气时间.cshtml
~/Views/Admin/Home/Video/天气时间.cshtml
~/Views/Admin/Home/AdditionalData/天气时间.cshtml
~/Views/Admin/Home/CustDevice/天气时间.cshtml
~/Views/Admin/Home/Log/天气时间.cshtml
~/Views/Admin/Home/Modules/天气时间.cshtml
~/Views/Home/Home/天气时间.cshtml
~/Views/Home/天气时间.cshtml
~/Views/Shared/天气时间.cshtml
-----------------------------------------

时间:2019-03-19 18:46:42,421日志内容:未将对象引用设置到对象的实例。
-----------------------------------------

时间:2019-03-19 18:47:50,628日志内容:未将对象引用设置到对象的实例。
-----------------------------------------

时间:2019-03-19 18:48:34,075日志内容:未将对象引用设置到对象的实例。
-----------------------------------------

时间:2019-03-19 18:49:01,122日志内容:未将对象引用设置到对象的实例。
-----------------------------------------

时间:2019-03-19 18:49:33,381日志内容:未将对象引用设置到对象的实例。
-----------------------------------------

时间:2019-03-19 18:51:15,621日志内容:未将对象引用设置到对象的实例。
-----------------------------------------

时间:2019-03-19 18:51:21,225日志内容:未将对象引用设置到对象的实例。
-----------------------------------------

时间:2019-03-19 18:54:59,538日志内容:未将对象引用设置到对象的实例。
-----------------------------------------

时间:2019-03-19 18:55:32,959日志内容:未将对象引用设置到对象的实例。
-----------------------------------------

时间:2019-03-19 18:56:24,079日志内容:在控制器“DataWall.Controllers.AdminController”上未找到公共操作方法“Content”。
-----------------------------------------

时间:2019-03-19 18:56:42,989日志内容:在控制器“DataWall.Controllers.AdminController”上未找到公共操作方法“Content”。
-----------------------------------------

