时间:2019-03-06 17:37:17,222日志内容:ip所在城市获取失败!远程服务器返回错误: (502) 错误的网关。
-----------------------------------------

时间:2019-03-06 17:41:48,902日志内容:用户登陆操作日志添加失败!未将对象引用设置到对象的实例。
-----------------------------------------

时间:2019-03-06 17:42:59,383日志内容:用户登陆操作日志添加失败!未将对象引用设置到对象的实例。
-----------------------------------------

时间:2019-03-06 17:43:57,922日志内容:用户登陆操作日志添加失败!未将对象引用设置到对象的实例。
-----------------------------------------

时间:2019-03-06 17:45:09,139日志内容:用户登陆操作日志添加失败!未将对象引用设置到对象的实例。
-----------------------------------------

时间:2019-03-06 17:47:27,776日志内容:ip所在城市获取失败!未将对象引用设置到对象的实例。
-----------------------------------------

时间:2019-03-06 17:54:05,585日志内容:用户登陆操作日志添加失败!未将对象引用设置到对象的实例。
-----------------------------------------

时间:2019-03-06 18:13:17,051日志内容:ip所在城市获取失败!未将对象引用设置到对象的实例。
-----------------------------------------

时间:2019-03-06 18:13:17,246日志内容:用户登陆操作日志添加失败!未将对象引用设置到对象的实例。
-----------------------------------------

时间:2019-03-06 18:14:29,777日志内容:用户登陆操作日志添加失败!未将对象引用设置到对象的实例。
-----------------------------------------

时间:2019-03-06 18:15:34,886日志内容:用户登陆User0
-----------------------------------------

时间:2019-03-06 18:15:34,906日志内容:用户登陆操作日志添加失败!未将对象引用设置到对象的实例。
-----------------------------------------

时间:2019-03-06 18:16:55,045日志内容:用户登陆User0
-----------------------------------------

时间:2019-03-06 18:16:55,053日志内容:DataWall
-----------------------------------------

时间:2019-03-06 18:16:55,053日志内容:用户登陆操作日志添加失败!未将对象引用设置到对象的实例。
-----------------------------------------

时间:2019-03-06 18:17:53,635日志内容:用户登陆User0
-----------------------------------------

时间:2019-03-06 18:17:53,643日志内容:DataWall
-----------------------------------------

时间:2019-03-06 18:17:53,643日志内容:用户登陆操作日志添加失败!未将对象引用设置到对象的实例。
-----------------------------------------

时间:2019-03-06 18:22:17,326日志内容:DataWall
-----------------------------------------

时间:2019-03-06 18:22:17,333日志内容:用户登陆
-----------------------------------------

时间:2019-03-06 18:22:17,333日志内容:用户登陆操作日志添加失败!未将对象引用设置到对象的实例。
-----------------------------------------

时间:2019-03-06 18:23:52,655日志内容:DataWall
-----------------------------------------

时间:2019-03-06 18:23:52,662日志内容:用户登陆操作日志添加失败!未将对象引用设置到对象的实例。
-----------------------------------------

时间:2019-03-06 18:49:03,591日志内容:ip所在城市获取失败!未将对象引用设置到对象的实例。
-----------------------------------------

时间:2019-03-06 18:53:26,171日志内容:ip所在城市获取失败!未将对象引用设置到对象的实例。
-----------------------------------------

时间:2019-03-06 18:54:45,019日志内容:ip所在城市获取失败!未将对象引用设置到对象的实例。
-----------------------------------------

时间:2019-03-06 18:56:57,745日志内容:ip所在城市获取失败!未将对象引用设置到对象的实例。
-----------------------------------------

时间:2019-03-06 18:58:01,088日志内容:ip所在城市获取失败!未将对象引用设置到对象的实例。
-----------------------------------------

时间:2019-03-06 18:58:17,371日志内容:ip所在城市获取失败!未将对象引用设置到对象的实例。
-----------------------------------------

时间:2019-03-06 18:58:39,951日志内容:ip所在城市获取失败!未将对象引用设置到对象的实例。
-----------------------------------------

